<?xml version="1.0" encoding="UTF-8"?>
<!-- Generated by org.testng.reporters.JUnitXMLReporter -->
<testsuite hostname="paro-PC" ignored="0" tests="1" failures="1" timestamp="29 Mar 2019 06:21:00 GMT" time="0.615" errors="0">
  <testcase name="ArchivingTest" time="0.61" classname="Scenario2Test">
    <failure type="java.lang.AssertionError" message="expected [{&amp;quot;ok&amp;quot;:true}] but found [{&amp;quot;ok&amp;quot;:false,&amp;quot;error&amp;quot;:&amp;quot;channel_not_found&amp;quot;}]">
      <![CDATA[java.lang.AssertionError: expected [{"ok":true}] but found [{"ok":false,"error":"channel_not_found"}]
at Scenario2Test.ArchivingTest(Scenario2Test.java:21)
... Removed 31 stack frames]]>
    </failure>
  </testcase> <!-- ArchivingTest -->
</testsuite>
