<?xml version="1.0" encoding="UTF-8"?>
<!-- Generated by org.testng.reporters.JUnitXMLReporter -->
<testsuite hostname="paro-PC" ignored="0" name="Channel Test Negative scenario" tests="1" failures="1" timestamp="29 Mar 2019 16:36:57 GMT" time="0.012" errors="0">
  <testcase name="ArchivingTest" time="0.004" classname="com.api.ApiAssessment.Scenario2Test">
    <failure type="java.lang.NullPointerException">
      <![CDATA[java.lang.NullPointerException
at java.util.Properties$LineReader.readLine(Properties.java:434)
at java.util.Properties.load0(Properties.java:353)
at java.util.Properties.load(Properties.java:341)
at com.api.ApiAssessment.RestUtils.filename(RestUtils.java:37)
at com.api.ApiAssessment.Scenario2Test.ArchivingTest(Scenario2Test.java:16)
... Removed 25 stack frames]]>
    </failure>
  </testcase> <!-- ArchivingTest -->
</testsuite> <!-- Channel Test Negative scenario -->
