<?xml version="1.0" encoding="UTF-8"?>
<!-- Generated by org.testng.reporters.JUnitXMLReporter -->
<testsuite hostname="paro-PC" ignored="0" name="Channel Archiving Test 2" tests="1" failures="1" timestamp="30 Mar 2019 18:59:56 GMT" time="0.292" errors="0">
  <testcase name="ArchivingTest" time="0.285" classname="com.api.ApiAssessment.Scenario2Test">
    <failure type="java.lang.AssertionError" message="unable to archive channel,please check the channel name">
      <![CDATA[java.lang.AssertionError: unable to archive channel,please check the channel name
at com.api.ApiAssessment.Scenario2Test.ArchivingTest(Scenario2Test.java:33)
... Removed 26 stack frames]]>
    </failure>
  </testcase> <!-- ArchivingTest -->
</testsuite> <!-- Channel Archiving Test 2 -->
