<?xml version="1.0" encoding="UTF-8"?>
<!-- Generated by org.testng.reporters.JUnitXMLReporter -->
<testsuite hostname="paro-PC" ignored="0" tests="1" failures="1" timestamp="29 Mar 2019 09:03:50 GMT" time="3.082" errors="0">
  <testcase name="CreateAndRenameTest" time="3.051" classname="Scenario1Test">
    <failure type="java.lang.AssertionError" message="please check the channel name">
      <![CDATA[java.lang.AssertionError: please check the channel name
at Scenario1Test.CreateAndRenameTest(Scenario1Test.java:26)
... Removed 26 stack frames]]>
    </failure>
  </testcase> <!-- CreateAndRenameTest -->
</testsuite>
