<?xml version="1.0" encoding="UTF-8"?>
<!-- Generated by org.testng.reporters.JUnitXMLReporter -->
<testsuite hostname="paro-PC" ignored="0" name="Create and Rename Test 1" tests="1" failures="1" timestamp="30 Mar 2019 18:57:01 GMT" time="1.829" errors="0">
  <testcase name="CreateAndRenameTest" time="1.778" classname="com.api.ApiAssessment.Scenario1Test">
    <failure type="java.lang.AssertionError" message="New channel is not created , please check the channel name">
      <![CDATA[java.lang.AssertionError: New channel is not created , please check the channel name
at com.api.ApiAssessment.Scenario1Test.CreateAndRenameTest(Scenario1Test.java:41)
... Removed 26 stack frames]]>
    </failure>
  </testcase> <!-- CreateAndRenameTest -->
</testsuite> <!-- Create and Rename Test 1 -->
