<?xml version="1.0" encoding="UTF-8"?>
<!-- Generated by org.testng.reporters.JUnitXMLReporter -->
<testsuite hostname="paro-PC" ignored="0" name="Create and Rename Test 5" tests="1" failures="1" timestamp="30 Mar 2019 18:57:08 GMT" time="1.788" errors="0">
  <testcase name="CreateAndRenameTest" time="1.78" classname="com.api.ApiAssessment.Scenario1Test">
    <failure type="java.lang.AssertionError" message="Unable to rename channel as the name is already taken">
      <![CDATA[java.lang.AssertionError: Unable to rename channel as the name is already taken
at com.api.ApiAssessment.Scenario1Test.CreateAndRenameTest(Scenario1Test.java:34)
... Removed 26 stack frames]]>
    </failure>
  </testcase> <!-- CreateAndRenameTest -->
</testsuite> <!-- Create and Rename Test 5 -->
