<?xml version="1.0" encoding="UTF-8"?>
<!-- Generated by org.testng.reporters.JUnitXMLReporter -->
<testsuite hostname="paro-PC" ignored="0" name="Create and Rename Test 4" tests="1" failures="1" timestamp="30 Mar 2019 18:57:06 GMT" time="1.903" errors="0">
  <testcase name="CreateAndRenameTest" time="1.896" classname="com.api.ApiAssessment.Scenario1Test">
    <failure type="java.lang.AssertionError" message="expected [false] but found [true]">
      <![CDATA[java.lang.AssertionError: expected [false] but found [true]
at com.api.ApiAssessment.Scenario1Test.CreateAndRenameTest(Scenario1Test.java:29)
... Removed 31 stack frames]]>
    </failure>
  </testcase> <!-- CreateAndRenameTest -->
</testsuite> <!-- Create and Rename Test 4 -->
