<?xml version="1.0" encoding="UTF-8"?>
<!-- Generated by org.testng.reporters.JUnitXMLReporter -->
<testsuite hostname="paro-PC" ignored="0" name="Create and Rename Test positive scenario" tests="1" failures="1" timestamp="29 Mar 2019 16:43:01 GMT" time="2.863" errors="0">
  <testcase name="CreateAndRenameTest" time="2.824" classname="com.api.ApiAssessment.Scenario1Test">
    <failure type="java.lang.AssertionError" message="please check the channel name">
      <![CDATA[java.lang.AssertionError: please check the channel name
at com.api.ApiAssessment.Scenario1Test.CreateAndRenameTest(Scenario1Test.java:27)
... Removed 26 stack frames]]>
    </failure>
  </testcase> <!-- CreateAndRenameTest -->
</testsuite> <!-- Create and Rename Test positive scenario -->
