<?xml version="1.0" encoding="UTF-8"?>
<testng-results skipped="0" failed="1" ignored="0" total="2" passed="1">
  <reporter-output>
  </reporter-output>
  <suite name="Suite" duration-ms="3664" started-at="2019-03-30T18:59:53Z" finished-at="2019-03-30T18:59:56Z">
    <groups>
    </groups>
    <test name="Channel Archiving Test 1" duration-ms="3349" started-at="2019-03-30T18:59:53Z" finished-at="2019-03-30T18:59:56Z">
      <class name="com.api.ApiAssessment.Scenario2Test">
        <test-method status="PASS" signature="ArchivingTest(java.lang.String)[pri:0, instance:com.api.ApiAssessment.Scenario2Test@a8a199]" name="ArchivingTest" duration-ms="3308" started-at="2019-03-30T18:59:53Z" finished-at="2019-03-30T18:59:56Z">
          <params>
            <param index="0">
              <value>
                <![CDATA[sample38]]>
              </value>
            </param>
          </params>
          <reporter-output>
          </reporter-output>
        </test-method> <!-- ArchivingTest -->
      </class> <!-- com.api.ApiAssessment.Scenario2Test -->
    </test> <!-- Channel Archiving Test 1 -->
    <test name="Channel Archiving Test 2" duration-ms="292" started-at="2019-03-30T18:59:56Z" finished-at="2019-03-30T18:59:56Z">
      <class name="com.api.ApiAssessment.Scenario2Test">
        <test-method status="FAIL" signature="ArchivingTest(java.lang.String)[pri:0, instance:com.api.ApiAssessment.Scenario2Test@11ea65f]" name="ArchivingTest" duration-ms="285" started-at="2019-03-30T18:59:56Z" finished-at="2019-03-30T18:59:56Z">
          <params>
            <param index="0">
              <value>
                <![CDATA[sample38]]>
              </value>
            </param>
          </params>
          <exception class="java.lang.AssertionError">
            <message>
              <![CDATA[unable to archive channel,please check the channel name]]>
            </message>
            <full-stacktrace>
              <![CDATA[java.lang.AssertionError: unable to archive channel,please check the channel name
at org.testng.Assert.fail(Assert.java:96)
at com.api.ApiAssessment.Scenario2Test.ArchivingTest(Scenario2Test.java:33)
at sun.reflect.NativeMethodAccessorImpl.invoke0(Native Method)
at sun.reflect.NativeMethodAccessorImpl.invoke(NativeMethodAccessorImpl.java:57)
at sun.reflect.DelegatingMethodAccessorImpl.invoke(DelegatingMethodAccessorImpl.java:43)
at java.lang.reflect.Method.invoke(Method.java:606)
at org.testng.internal.MethodInvocationHelper.invokeMethod(MethodInvocationHelper.java:124)
at org.testng.internal.Invoker.invokeMethod(Invoker.java:583)
at org.testng.internal.Invoker.invokeTestMethod(Invoker.java:719)
at org.testng.internal.Invoker.invokeTestMethods(Invoker.java:989)
at org.testng.internal.TestMethodWorker.invokeTestMethods(TestMethodWorker.java:125)
at org.testng.internal.TestMethodWorker.run(TestMethodWorker.java:109)
at org.testng.TestRunner.privateRun(TestRunner.java:648)
at org.testng.TestRunner.run(TestRunner.java:505)
at org.testng.SuiteRunner.runTest(SuiteRunner.java:455)
at org.testng.SuiteRunner.runSequentially(SuiteRunner.java:450)
at org.testng.SuiteRunner.privateRun(SuiteRunner.java:415)
at org.testng.SuiteRunner.run(SuiteRunner.java:364)
at org.testng.SuiteRunnerWorker.runSuite(SuiteRunnerWorker.java:52)
at org.testng.SuiteRunnerWorker.run(SuiteRunnerWorker.java:84)
at org.testng.TestNG.runSuitesSequentially(TestNG.java:1208)
at org.testng.TestNG.runSuitesLocally(TestNG.java:1137)
at org.testng.TestNG.runSuites(TestNG.java:1049)
at org.testng.TestNG.run(TestNG.java:1017)
at org.testng.remote.AbstractRemoteTestNG.run(AbstractRemoteTestNG.java:115)
at org.testng.remote.RemoteTestNG.initAndRun(RemoteTestNG.java:251)
at org.testng.remote.RemoteTestNG.main(RemoteTestNG.java:77)
]]>
            </full-stacktrace>
          </exception> <!-- java.lang.AssertionError -->
          <reporter-output>
          </reporter-output>
        </test-method> <!-- ArchivingTest -->
      </class> <!-- com.api.ApiAssessment.Scenario2Test -->
    </test> <!-- Channel Archiving Test 2 -->
  </suite> <!-- Suite -->
</testng-results>
